<?xml version="1.0" encoding="UTF-8"?>
<robot generator="Robot 7.0.1 (Python 3.11.9 on win32)" generated="2024-09-12T15:06:18.628676" rpa="false" schemaversion="5">
<suite id="s1" name="Invalid Login" source="C:\Users\nn\robot-login-page\invalid_login.robot">
<test id="s1-t1" name="Invalid Login Into Personenschaden" line="22">
<kw name="Given the user opens up" owner="resource">
<kw name="New Browser" owner="Browser">
<msg time="2024-09-12T15:06:20.139485" level="INFO">{"browser": "firefox", "headless": false, "chromiumSandbox": false, "devtools": false, "handleSIGHUP": true, "handleSIGINT": true, "handleSIGTERM": true, "slowMo": 0.0, "timeout": 30000.0, "tracesDir": "C:\\Users\\nn\\robot-login-page\\browser\\traces\\22b2637d-265d-4c59-931e-5082b4370853"}</msg>
<msg time="2024-09-12T15:06:21.297718" level="INFO">Successfully created browser with options: {"browser":"firefox","headless":false,"chromiumSandbox":false,"devtools":false,"handleSIGHUP":true,"handleSIGINT":true,"handleSIGTERM":true,"slowMo":0,"timeout":30000,"tracesDir":"C:\\Users\\nn\\robot-login-page\\browser\\traces\\22b2637d-265d-4c59-931e-5082b4370853"}</msg>
<arg>${browser}</arg>
<arg>headless=false</arg>
<tag>BrowserControl</tag>
<tag>Setter</tag>
<doc>Create a new playwright Browser with specified options.</doc>
<status status="PASS" start="2024-09-12T15:06:20.138487" elapsed="1.159231"/>
</kw>
<arg>firefox</arg>
<status status="PASS" start="2024-09-12T15:06:20.137337" elapsed="1.161379"/>
</kw>
<kw name="And opens the Home page of" owner="resource">
<kw name="New Page" owner="Browser">
<msg time="2024-09-12T15:06:25.533598" level="INFO">Successfully initialized new page object and opened url: https://beauftragung.personenschaden.eucon.com</msg>
<msg time="2024-09-12T15:06:25.533598" level="INFO">No context was open. New context was automatically opened when this page is created.</msg>
<arg>${URL}</arg>
<tag>BrowserControl</tag>
<tag>Setter</tag>
<doc>Open a new Page.</doc>
<status status="PASS" start="2024-09-12T15:06:21.438881" elapsed="4.094717"/>
</kw>
<arg>https://beauftragung.personenschaden.eucon.com</arg>
<status status="PASS" start="2024-09-12T15:06:21.436885" elapsed="4.096713"/>
</kw>
<kw name="When the user enters his" owner="resource">
<kw name="Type Text" owner="Browser">
<msg time="2024-09-12T15:06:25.536591" level="INFO">Types the text 'emailadress' in the given field.</msg>
<arg>id=username</arg>
<arg>${user_email}</arg>
<tag>PageContent</tag>
<tag>Setter</tag>
<doc>Types the given ``txt`` into the text field found by ``selector``.</doc>
<status status="PASS" start="2024-09-12T15:06:25.535591" elapsed="1.253701"/>
</kw>
<arg>emailadress</arg>
<status status="PASS" start="2024-09-12T15:06:25.534594" elapsed="1.255698"/>
</kw>
<kw name="And enters his" owner="resource">
<kw name="Type Text" owner="Browser">
<msg time="2024-09-12T15:06:26.793283" level="INFO">Types the text 'password' in the given field.</msg>
<arg>id=password</arg>
<arg>${password}</arg>
<tag>PageContent</tag>
<tag>Setter</tag>
<doc>Types the given ``txt`` into the text field found by ``selector``.</doc>
<status status="PASS" start="2024-09-12T15:06:26.791288" elapsed="0.151111"/>
</kw>
<arg>password</arg>
<status status="PASS" start="2024-09-12T15:06:26.791288" elapsed="0.151111"/>
</kw>
<kw name="And clicks the login button" owner="resource">
<kw name="Click" owner="Browser">
<msg time="2024-09-12T15:06:26.947387" level="INFO">Clicks the element 'id=kc-login'.</msg>
<arg>id=kc-login</arg>
<tag>PageContent</tag>
<tag>Setter</tag>
<doc>Simulates mouse click on the element found by ``selector``.</doc>
<status status="PASS" start="2024-09-12T15:06:26.944393" elapsed="0.293708"/>
</kw>
<status status="PASS" start="2024-09-12T15:06:26.943397" elapsed="0.294704"/>
</kw>
<kw name="Then an error message occurs" owner="resource">
<kw name="Wait For Elements State" owner="Browser">
<msg time="2024-09-12T15:06:27.388213" level="INFO">Waited for Element with selector id=input-error at state visible</msg>
<arg>id=input-error</arg>
<arg>visible</arg>
<arg>10s</arg>
<tag>PageContent</tag>
<tag>Wait</tag>
<doc>Waits for the element found by ``selector`` to satisfy state option.</doc>
<status status="PASS" start="2024-09-12T15:06:27.240095" elapsed="0.149116"/>
</kw>
<status status="PASS" start="2024-09-12T15:06:27.240095" elapsed="0.149116"/>
</kw>
<kw name="And this error message is" owner="resource">
<kw name="Get Text" owner="Browser">
<msg time="2024-09-12T15:06:27.498921" level="INFO">Text: 'Ungültiger Benutzername oder Passwort.'</msg>
<msg time="2024-09-12T15:06:27.498921" level="INFO">${error_message} = Ungültiger Benutzername oder Passwort.</msg>
<var>${error_message}</var>
<arg>id=input-error</arg>
<tag>Assertion</tag>
<tag>Getter</tag>
<tag>PageContent</tag>
<doc>Returns text attribute of the element found by ``selector``.</doc>
<status status="PASS" start="2024-09-12T15:06:27.392202" elapsed="0.106719"/>
</kw>
<kw name="Should Be Equal As Strings" owner="BuiltIn">
<arg>${error_message}</arg>
<arg>${expected_error_message}</arg>
<doc>Fails if objects are unequal after converting them to strings.</doc>
<status status="PASS" start="2024-09-12T15:06:27.498921" elapsed="0.001005"/>
</kw>
<arg>Ungültiger Benutzername oder Passwort.</arg>
<status status="PASS" start="2024-09-12T15:06:27.391205" elapsed="0.108721"/>
</kw>
<kw name="And the user closes the browser in case of failed login" owner="resource">
<kw name="Close Browser" owner="Browser">
<msg time="2024-09-12T15:06:28.865733" level="INFO">Closed browser</msg>
<tag>BrowserControl</tag>
<tag>Setter</tag>
<doc>Closes the current browser.</doc>
<status status="PASS" start="2024-09-12T15:06:27.500913" elapsed="1.364820"/>
</kw>
<status status="PASS" start="2024-09-12T15:06:27.500913" elapsed="1.364820"/>
</kw>
<doc>This is a login test case</doc>
<status status="PASS" start="2024-09-12T15:06:20.131356" elapsed="8.739363"/>
</test>
<test id="s1-t2" name="Invalid Login With Empty String" line="33">
<kw name="Given the user opens up" owner="resource">
<kw name="New Browser" owner="Browser">
<msg time="2024-09-12T15:06:28.929563" level="INFO">{"browser": "firefox", "headless": false, "chromiumSandbox": false, "devtools": false, "handleSIGHUP": true, "handleSIGINT": true, "handleSIGTERM": true, "slowMo": 0.0, "timeout": 30000.0, "tracesDir": "C:\\Users\\nn\\robot-login-page\\browser\\traces\\5f719ca3-6597-436e-8d2f-eea5722f5773"}</msg>
<msg time="2024-09-12T15:06:29.863287" level="INFO">Successfully created browser with options: {"browser":"firefox","headless":false,"chromiumSandbox":false,"devtools":false,"handleSIGHUP":true,"handleSIGINT":true,"handleSIGTERM":true,"slowMo":0,"timeout":30000,"tracesDir":"C:\\Users\\nn\\robot-login-page\\browser\\traces\\5f719ca3-6597-436e-8d2f-eea5722f5773"}</msg>
<arg>${browser}</arg>
<arg>headless=false</arg>
<tag>BrowserControl</tag>
<tag>Setter</tag>
<doc>Create a new playwright Browser with specified options.</doc>
<status status="PASS" start="2024-09-12T15:06:28.926569" elapsed="0.936718"/>
</kw>
<arg>firefox</arg>
<status status="PASS" start="2024-09-12T15:06:28.926569" elapsed="0.936718"/>
</kw>
<kw name="And opens the Home page of" owner="resource">
<kw name="New Page" owner="Browser">
<msg time="2024-09-12T15:06:34.002535" level="INFO">Successfully initialized new page object and opened url: https://beauftragung.personenschaden.eucon.com</msg>
<msg time="2024-09-12T15:06:34.002535" level="INFO">No context was open. New context was automatically opened when this page is created.</msg>
<arg>${URL}</arg>
<tag>BrowserControl</tag>
<tag>Setter</tag>
<doc>Open a new Page.</doc>
<status status="PASS" start="2024-09-12T15:06:29.886226" elapsed="4.117307"/>
</kw>
<arg>https://beauftragung.personenschaden.eucon.com</arg>
<status status="PASS" start="2024-09-12T15:06:29.885228" elapsed="4.118305"/>
</kw>
<kw name="the user enters an empty" owner="resource">
<kw name="Type Text" owner="Browser">
<msg time="2024-09-12T15:06:34.007523" level="INFO">Types the text 'emailadress' in the given field.</msg>
<arg>id=username</arg>
<arg>${EMPTY}</arg>
<tag>PageContent</tag>
<tag>Setter</tag>
<doc>Types the given ``txt`` into the text field found by ``selector``.</doc>
<status status="PASS" start="2024-09-12T15:06:34.006526" elapsed="0.951446"/>
</kw>
<arg>emailadress</arg>
<status status="PASS" start="2024-09-12T15:06:34.006526" elapsed="0.951446"/>
</kw>
<kw name="And enters his" owner="resource">
<kw name="Type Text" owner="Browser">
<msg time="2024-09-12T15:06:34.967943" level="INFO">Types the text 'password' in the given field.</msg>
<arg>id=password</arg>
<arg>${password}</arg>
<tag>PageContent</tag>
<tag>Setter</tag>
<doc>Types the given ``txt`` into the text field found by ``selector``.</doc>
<status status="PASS" start="2024-09-12T15:06:34.967943" elapsed="0.156589"/>
</kw>
<arg>password</arg>
<status status="PASS" start="2024-09-12T15:06:34.966947" elapsed="0.157585"/>
</kw>
<kw name="And clicks the login button" owner="resource">
<kw name="Click" owner="Browser">
<msg time="2024-09-12T15:06:35.126526" level="INFO">Clicks the element 'id=kc-login'.</msg>
<arg>id=kc-login</arg>
<tag>PageContent</tag>
<tag>Setter</tag>
<doc>Simulates mouse click on the element found by ``selector``.</doc>
<status status="PASS" start="2024-09-12T15:06:35.126526" elapsed="0.279254"/>
</kw>
<status status="PASS" start="2024-09-12T15:06:35.125528" elapsed="0.281250"/>
</kw>
<kw name="Then an error message occurs" owner="resource">
<kw name="Wait For Elements State" owner="Browser">
<msg time="2024-09-12T15:06:35.570851" level="INFO">Waited for Element with selector id=input-error at state visible</msg>
<arg>id=input-error</arg>
<arg>visible</arg>
<arg>10s</arg>
<tag>PageContent</tag>
<tag>Wait</tag>
<doc>Waits for the element found by ``selector`` to satisfy state option.</doc>
<status status="PASS" start="2024-09-12T15:06:35.423731" elapsed="0.147120"/>
</kw>
<status status="PASS" start="2024-09-12T15:06:35.422734" elapsed="0.148117"/>
</kw>
<kw name="And this error message is" owner="resource">
<kw name="Get Text" owner="Browser">
<msg time="2024-09-12T15:06:35.660190" level="INFO">Text: 'Ungültiger Benutzername oder Passwort.'</msg>
<msg time="2024-09-12T15:06:35.661185" level="INFO">${error_message} = Ungültiger Benutzername oder Passwort.</msg>
<var>${error_message}</var>
<arg>id=input-error</arg>
<tag>Assertion</tag>
<tag>Getter</tag>
<tag>PageContent</tag>
<doc>Returns text attribute of the element found by ``selector``.</doc>
<status status="PASS" start="2024-09-12T15:06:35.571848" elapsed="0.089337"/>
</kw>
<kw name="Should Be Equal As Strings" owner="BuiltIn">
<arg>${error_message}</arg>
<arg>${expected_error_message}</arg>
<doc>Fails if objects are unequal after converting them to strings.</doc>
<status status="PASS" start="2024-09-12T15:06:35.662185" elapsed="0.001015"/>
</kw>
<arg>Ungültiger Benutzername oder Passwort.</arg>
<status status="PASS" start="2024-09-12T15:06:35.571848" elapsed="0.091352"/>
</kw>
<kw name="And the user closes the browser in case of failed login" owner="resource">
<kw name="Close Browser" owner="Browser">
<msg time="2024-09-12T15:06:37.051760" level="INFO">Closed browser</msg>
<tag>BrowserControl</tag>
<tag>Setter</tag>
<doc>Closes the current browser.</doc>
<status status="PASS" start="2024-09-12T15:06:35.665173" elapsed="1.386587"/>
</kw>
<status status="PASS" start="2024-09-12T15:06:35.664177" elapsed="1.387583"/>
</kw>
<doc>This is a login test case</doc>
<status status="PASS" start="2024-09-12T15:06:28.921584" elapsed="8.134165"/>
</test>
<doc>invalid login into Personenschaden
Useful links:
* https://robotframework.org
* https://marketsquare.github.io/robotframework-browser/Browser.html</doc>
<status status="PASS" start="2024-09-12T15:06:18.632667" elapsed="18.448017"/>
</suite>
<statistics>
<total>
<stat pass="2" fail="0" skip="0">All Tests</stat>
</total>
<tag>
</tag>
<suite>
<stat pass="2" fail="0" skip="0" id="s1" name="Invalid Login">Invalid Login</stat>
</suite>
</statistics>
<errors>
</errors>
</robot>
